<?xml version="1.0" encoding="UTF-8"?>
<testsuite name="logic.GameStatusTest" tests="1" skipped="0" failures="0" errors="0" timestamp="2020-05-09T17:52:38" hostname="MAJKEL" time="0.01">
  <properties/>
  <testcase name="EmptyListTest" classname="logic.GameStatusTest" time="0.01"/>
  <system-out><![CDATA[]]></system-out>
  <system-err><![CDATA[]]></system-err>
</testsuite>
